{"C:\\Users\\myhan\\Desktop\\Ynov_Work\\Ci__Cd\\Testing_Ci_Cd\\dist\\src\\lib\\getUserName.js": {"path":"C:\\Users\\myhan\\Desktop\\Ynov_Work\\Ci__Cd\\Testing_Ci_Cd\\dist\\src\\lib\\getUserName.js","all":false,"statementMap":{"0":{"start":{"line":1,"column":0},"end":{"line":1,"column":13}},"1":{"start":{"line":2,"column":0},"end":{"line":2,"column":62}},"2":{"start":{"line":3,"column":0},"end":{"line":3,"column":29}},"3":{"start":{"line":4,"column":0},"end":{"line":4,"column":31}},"4":{"start":{"line":5,"column":0},"end":{"line":5,"column":21}},"5":{"start":{"line":6,"column":0},"end":{"line":6,"column":2}},"6":{"start":{"line":7,"column":0},"end":{"line":7,"column":34}}},"s":{"0":1,"1":1,"2":1,"3":1,"4":2,"5":1,"6":1},"branchMap":{"0":{"type":"branch","line":1,"loc":{"start":{"line":1,"column":0},"end":{"line":7,"column":34}},"locations":[{"start":{"line":1,"column":0},"end":{"line":7,"column":34}}]},"1":{"type":"branch","line":1,"loc":{"start":{"line":1,"column":0},"end":{"line":7,"column":34}},"locations":[{"start":{"line":1,"column":0},"end":{"line":7,"column":34}}]},"2":{"type":"branch","line":4,"loc":{"start":{"line":4,"column":20},"end":{"line":6,"column":1}},"locations":[{"start":{"line":4,"column":20},"end":{"line":6,"column":1}}]}},"b":{"0":[1],"1":[1],"2":[2]},"fnMap":{"0":{"name":"Object.<anonymous>","decl":{"start":{"line":1,"column":0},"end":{"line":7,"column":34}},"loc":{"start":{"line":1,"column":0},"end":{"line":7,"column":34}},"line":1},"1":{"name":"getUsername","decl":{"start":{"line":4,"column":20},"end":{"line":6,"column":1}},"loc":{"start":{"line":4,"column":20},"end":{"line":6,"column":1}},"line":4}},"f":{"0":1,"1":2}}
,"C:\\Users\\myhan\\Desktop\\Ynov_Work\\Ci__Cd\\Testing_Ci_Cd\\src\\lib\\getUserName.ts": {"path":"C:\\Users\\myhan\\Desktop\\Ynov_Work\\Ci__Cd\\Testing_Ci_Cd\\src\\lib\\getUserName.ts","all":false,"statementMap":{"0":{"start":{"line":1,"column":0},"end":{"line":1,"column":41}},"1":{"start":{"line":2,"column":0},"end":{"line":2,"column":0}},"2":{"start":{"line":3,"column":0},"end":{"line":3,"column":52}},"3":{"start":{"line":4,"column":0},"end":{"line":4,"column":19}},"4":{"start":{"line":5,"column":0},"end":{"line":5,"column":2}}},"s":{"0":1,"1":1,"2":1,"3":2,"4":2},"branchMap":{"0":{"type":"branch","line":3,"loc":{"start":{"line":3,"column":27},"end":{"line":5,"column":2}},"locations":[{"start":{"line":3,"column":27},"end":{"line":5,"column":2}}]}},"b":{"0":[2]},"fnMap":{"0":{"name":"getUsername","decl":{"start":{"line":3,"column":27},"end":{"line":5,"column":2}},"loc":{"start":{"line":3,"column":27},"end":{"line":5,"column":2}},"line":3}},"f":{"0":2}}
}
