{"C:\\Users\\myhan\\Desktop\\Ynov_Work\\Ci__Cd\\Testing_Ci_Cd\\src\\lib\\getUserName.ts": {"path":"C:\\Users\\myhan\\Desktop\\Ynov_Work\\Ci__Cd\\Testing_Ci_Cd\\src\\lib\\getUserName.ts","all":false,"statementMap":{"0":{"start":{"line":1,"column":0},"end":{"line":1,"column":41}},"1":{"start":{"line":2,"column":0},"end":{"line":2,"column":0}},"2":{"start":{"line":3,"column":0},"end":{"line":3,"column":52}},"3":{"start":{"line":4,"column":0},"end":{"line":4,"column":47}},"4":{"start":{"line":5,"column":0},"end":{"line":5,"column":43}},"5":{"start":{"line":6,"column":0},"end":{"line":6,"column":3}},"6":{"start":{"line":7,"column":0},"end":{"line":7,"column":19}},"7":{"start":{"line":8,"column":0},"end":{"line":8,"column":2}}},"s":{"0":1,"1":1,"2":1,"3":3,"4":2,"5":2,"6":1,"7":1},"branchMap":{"0":{"type":"branch","line":3,"loc":{"start":{"line":3,"column":27},"end":{"line":8,"column":2}},"locations":[{"start":{"line":3,"column":27},"end":{"line":8,"column":2}}]},"1":{"type":"branch","line":4,"loc":{"start":{"line":4,"column":46},"end":{"line":6,"column":3}},"locations":[{"start":{"line":4,"column":46},"end":{"line":6,"column":3}}]},"2":{"type":"branch","line":7,"loc":{"start":{"line":7,"column":-1},"end":{"line":8,"column":2}},"locations":[{"start":{"line":7,"column":-1},"end":{"line":8,"column":2}}]}},"b":{"0":[3],"1":[2],"2":[1]},"fnMap":{"0":{"name":"getUsername","decl":{"start":{"line":3,"column":27},"end":{"line":8,"column":2}},"loc":{"start":{"line":3,"column":27},"end":{"line":8,"column":2}},"line":3}},"f":{"0":3}}
}
